<?xml version="1.0" encoding="UTF-8"?>
<!-- Generated by org.testng.reporters.JUnitXMLReporter -->
<testsuite ignored="0" hostname="DESKTOP-IRO6CNU" failures="0" tests="5" name="Test" time="14.931" errors="0" timestamp="2024-05-21T17:21:32 EDT">
  <testcase classname="tests.LoginTest" name="Tc1_verifyLoginValidUserInvalidPass" time="2.834"/>
  <testcase classname="tests.LoginTest" name="Tc2_verifyLoginWithCorrectCredentials" time="6.408"/>
  <testcase classname="tests.LoginTest" name="Tc4A_verifyForgetPassword" time="2.658"/>
  <testcase classname="tests.LoginTest" name="Tc4B_verifyLoginwithWrongCredentials" time="1.737"/>
  <testcase classname="tests.LoginTest" name="Tc3_verifyRememberUserNameCheck" time="11.598"/>
</testsuite> <!-- Test -->
